<?xml version="1.0" encoding="UTF-8"?>
<testsuite xmlns:xsi="http://www.w3.org/2001/XMLSchema-instance" xsi:noNamespaceSchemaLocation="https://maven.apache.org/surefire/maven-surefire-plugin/xsd/surefire-test-report-3.0.xsd" version="3.0" name="pset1.SLListRepOkTester" time="0.289" tests="6" errors="0" skipped="0" failures="0">
  <properties>
    <property name="java.specification.version" value="19"/>
    <property name="sun.jnu.encoding" value="UTF-8"/>
    <property name="java.class.path" value="/mnt/c/Users/justi/Documents/Git/SWTEST/PSET1/ps1/ps1/target/test-classes:/mnt/c/Users/justi/Documents/Git/SWTEST/PSET1/ps1/ps1/target/classes:/home/jroznik/.m2/repository/junit/junit/4.13.2/junit-4.13.2.jar:/home/jroznik/.m2/repository/org/hamcrest/hamcrest-core/1.3/hamcrest-core-1.3.jar:"/>
    <property name="java.vm.vendor" value="Oracle Corporation"/>
    <property name="sun.arch.data.model" value="64"/>
    <property name="java.vendor.url" value="https://java.oracle.com/"/>
    <property name="os.name" value="Linux"/>
    <property name="java.vm.specification.version" value="19"/>
    <property name="sun.java.launcher" value="SUN_STANDARD"/>
    <property name="sun.boot.library.path" value="/usr/lib/jvm/jdk-19/lib"/>
    <property name="sun.java.command" value="/mnt/c/Users/justi/Documents/Git/SWTEST/PSET1/ps1/ps1/target/surefire/surefirebooter-20230829021648808_3.jar /mnt/c/Users/justi/Documents/Git/SWTEST/PSET1/ps1/ps1/target/surefire 2023-08-29T02-16-48_654-jvmRun1 surefire-20230829021648808_1tmp surefire_0-20230829021648808_2tmp"/>
    <property name="jdk.debug" value="release"/>
    <property name="test" value="SLListRepOkTester"/>
    <property name="surefire.test.class.path" value="/mnt/c/Users/justi/Documents/Git/SWTEST/PSET1/ps1/ps1/target/test-classes:/mnt/c/Users/justi/Documents/Git/SWTEST/PSET1/ps1/ps1/target/classes:/home/jroznik/.m2/repository/junit/junit/4.13.2/junit-4.13.2.jar:/home/jroznik/.m2/repository/org/hamcrest/hamcrest-core/1.3/hamcrest-core-1.3.jar:"/>
    <property name="sun.cpu.endian" value="little"/>
    <property name="user.home" value="/home/jroznik"/>
    <property name="user.language" value="en"/>
    <property name="java.specification.vendor" value="Oracle Corporation"/>
    <property name="java.version.date" value="2023-01-17"/>
    <property name="java.home" value="/usr/lib/jvm/jdk-19"/>
    <property name="file.separator" value="/"/>
    <property name="basedir" value="/mnt/c/Users/justi/Documents/Git/SWTEST/PSET1/ps1/ps1"/>
    <property name="java.vm.compressedOopsMode" value="32-bit"/>
    <property name="line.separator" value="&#10;"/>
    <property name="java.vm.specification.vendor" value="Oracle Corporation"/>
    <property name="java.specification.name" value="Java Platform API Specification"/>
    <property name="surefire.real.class.path" value="/mnt/c/Users/justi/Documents/Git/SWTEST/PSET1/ps1/ps1/target/surefire/surefirebooter-20230829021648808_3.jar"/>
    <property name="sun.management.compiler" value="HotSpot 64-Bit Tiered Compilers"/>
    <property name="java.runtime.version" value="19.0.2+7-44"/>
    <property name="user.name" value="jroznik"/>
    <property name="stdout.encoding" value="UTF-8"/>
    <property name="path.separator" value=":"/>
    <property name="os.version" value="5.10.16.3-microsoft-standard-WSL2"/>
    <property name="java.runtime.name" value="Java(TM) SE Runtime Environment"/>
    <property name="file.encoding" value="UTF-8"/>
    <property name="java.vm.name" value="Java HotSpot(TM) 64-Bit Server VM"/>
    <property name="localRepository" value="/home/jroznik/.m2/repository"/>
    <property name="java.vendor.url.bug" value="https://bugreport.java.com/bugreport/"/>
    <property name="java.io.tmpdir" value="/tmp"/>
    <property name="java.version" value="19.0.2"/>
    <property name="user.dir" value="/mnt/c/Users/justi/Documents/Git/SWTEST/PSET1/ps1/ps1"/>
    <property name="os.arch" value="amd64"/>
    <property name="java.vm.specification.name" value="Java Virtual Machine Specification"/>
    <property name="native.encoding" value="UTF-8"/>
    <property name="java.library.path" value="/usr/java/packages/lib:/usr/lib64:/lib64:/lib:/usr/lib"/>
    <property name="stderr.encoding" value="UTF-8"/>
    <property name="java.vm.info" value="mixed mode, sharing"/>
    <property name="java.vendor" value="Oracle Corporation"/>
    <property name="java.vm.version" value="19.0.2+7-44"/>
    <property name="sun.io.unicode.encoding" value="UnicodeLittle"/>
    <property name="java.class.version" value="63.0"/>
  </properties>
  <testcase name="t0" classname="pset1.SLListRepOkTester" time="0.02"/>
  <testcase name="t1" classname="pset1.SLListRepOkTester" time="0.005"/>
  <testcase name="t2" classname="pset1.SLListRepOkTester" time="0.0"/>
  <testcase name="t3" classname="pset1.SLListRepOkTester" time="0.001"/>
  <testcase name="t4" classname="pset1.SLListRepOkTester" time="0.0"/>
  <testcase name="t5" classname="pset1.SLListRepOkTester" time="0.0"/>
</testsuite>